{"contracts/SampleCoin.sol":{"l":{"15":0,"16":0,"19":0,"20":0,"22":0,"30":0,"31":0,"34":0,"41":49,"42":37,"44":37,"51":207,"52":207,"54":207,"62":0,"63":0,"83":49,"84":49,"91":0,"98":0,"99":0,"106":0,"116":0,"117":0,"125":0,"133":0,"134":0,"135":0,"185":6,"194":11,"204":15,"213":3,"226":30,"228":29,"229":29,"230":29,"242":6,"243":3,"244":2,"245":2,"259":5,"261":4,"262":4,"263":4,"277":9,"279":8,"280":4,"281":4,"291":6,"293":4,"294":3,"295":3,"306":101,"308":100,"309":100,"310":100,"320":12,"321":12,"323":11,"324":11,"325":10,"337":9,"338":6,"339":6,"356":49,"357":49,"358":49,"365":0,"372":0,"379":49,"400":49,"401":49,"403":49,"410":0,"411":0,"413":0,"421":49,"422":49,"436":49,"440":0,"441":0,"445":0,"449":0,"453":0,"457":49,"458":49,"462":0,"463":0,"479":49,"486":0,"493":0,"494":0,"501":0,"502":0,"509":0,"510":0,"517":0,"518":0,"536":0,"547":0,"548":0,"549":0,"550":0,"564":0,"568":0,"575":0,"576":0,"580":0,"581":0,"585":0,"586":0,"640":0,"641":0,"642":0,"644":0,"645":0,"646":0,"660":0,"667":0,"674":0,"681":0,"688":0,"698":0,"699":0,"702":0,"705":0,"707":0,"708":0,"710":0,"712":0,"713":0,"729":0,"730":0,"748":0,"757":0,"775":0,"782":0,"788":0,"789":0,"790":0,"791":0,"793":0,"794":0,"795":0,"796":0,"798":0,"806":49},"path":"/home/dima/truffle/SampleCoin/contracts/SampleCoin.sol","s":{"1":0,"2":0,"3":0,"4":0,"5":0,"6":0,"7":0,"8":0,"9":49,"10":37,"11":37,"12":207,"13":207,"14":207,"15":0,"16":0,"17":49,"18":49,"19":0,"20":0,"21":0,"22":0,"23":0,"24":0,"25":0,"26":0,"27":0,"28":6,"29":11,"30":15,"31":3,"32":30,"33":29,"34":29,"35":29,"36":6,"37":3,"38":2,"39":2,"40":5,"41":4,"42":4,"43":4,"44":9,"45":8,"46":4,"47":4,"48":6,"49":4,"50":3,"51":3,"52":101,"53":100,"54":100,"55":100,"56":12,"57":12,"58":11,"59":11,"60":10,"61":9,"62":6,"63":6,"64":49,"65":49,"66":49,"67":0,"68":0,"69":49,"70":49,"71":49,"72":49,"73":0,"74":0,"75":0,"76":49,"77":49,"78":49,"79":0,"80":0,"81":0,"82":0,"83":49,"84":0,"85":49,"86":0,"87":0,"88":0,"89":0,"90":0,"91":0,"92":0,"93":0,"94":0,"95":0,"96":0,"97":0,"98":0,"99":0,"100":0,"101":0,"102":0,"103":0,"104":0,"105":0,"106":0,"107":0,"108":0,"109":0,"110":0,"111":0,"112":0,"113":0,"114":0,"115":0,"116":0,"117":0,"118":0,"119":0,"120":0,"121":0,"122":0,"123":0,"124":0,"125":0,"126":0,"127":0,"128":0,"129":0,"130":0,"131":0,"132":0,"133":0,"134":0,"135":0,"136":0,"137":0,"138":49},"b":{"1":[0,0],"2":[0,0],"3":[0,0],"4":[37,12],"5":[207,0],"6":[0,0],"7":[0,0],"8":[0,0],"9":[29,1],"10":[4,1],"11":[8,1],"12":[4,2],"13":[100,1],"14":[12,0],"15":[11,1],"16":[49,0],"17":[49,0],"18":[0,0],"19":[0,0],"20":[49,0],"21":[0,0],"22":[0,0],"23":[0,0],"24":[0,0],"25":[0,0],"26":[0,0],"27":[0,0],"28":[0,0],"29":[0,0],"30":[0,0],"31":[0,0],"32":[0,0],"33":[0,0],"34":[0,0],"35":[0,0],"36":[0,0],"37":[0,0]},"f":{"1":0,"2":0,"3":49,"4":207,"5":0,"6":49,"7":0,"8":0,"9":0,"10":0,"11":0,"12":0,"13":6,"14":11,"15":15,"16":3,"17":30,"18":6,"19":5,"20":9,"21":6,"22":101,"23":12,"24":9,"25":49,"26":0,"27":0,"28":49,"29":0,"30":49,"31":0,"32":49,"33":49,"34":0,"35":0,"36":0,"37":0,"38":49,"39":0,"40":49,"41":0,"42":0,"43":0,"44":0,"45":0,"46":0,"47":0,"48":0,"49":0,"50":0,"51":0,"52":0,"53":0,"54":0,"55":0,"56":0,"57":0,"58":0,"59":0,"60":0,"61":0,"62":0,"63":0,"64":0,"65":0,"66":0,"67":0,"68":49,"69":0},"fnMap":{"1":{"name":"mul","line":11,"loc":{"start":{"line":11,"column":4},"end":{"line":11,"column":68}}},"2":{"name":"div","line":28,"loc":{"start":{"line":28,"column":4},"end":{"line":28,"column":68}}},"3":{"name":"sub","line":40,"loc":{"start":{"line":40,"column":4},"end":{"line":40,"column":68}}},"4":{"name":"add","line":50,"loc":{"start":{"line":50,"column":4},"end":{"line":50,"column":68}}},"5":{"name":"mod","line":61,"loc":{"start":{"line":61,"column":4},"end":{"line":61,"column":68}}},"6":{"name":null,"line":82,"loc":{"start":{"line":82,"column":4},"end":{"line":82,"column":25}}},"7":{"name":"owner","line":90,"loc":{"start":{"line":90,"column":4},"end":{"line":90,"column":48}}},"8":{"name":"onlyOwner","line":97,"loc":{"start":{"line":97,"column":4},"end":{"line":97,"column":22}}},"9":{"name":"isOwner","line":105,"loc":{"start":{"line":105,"column":4},"end":{"line":105,"column":47}}},"10":{"name":"renounceOwnership","line":115,"loc":{"start":{"line":115,"column":4},"end":{"line":115,"column":47}}},"11":{"name":"transferOwnership","line":124,"loc":{"start":{"line":124,"column":4},"end":{"line":124,"column":63}}},"12":{"name":"_transferOwnership","line":132,"loc":{"start":{"line":132,"column":4},"end":{"line":132,"column":56}}},"13":{"name":"totalSupply","line":184,"loc":{"start":{"line":184,"column":4},"end":{"line":184,"column":54}}},"14":{"name":"balanceOf","line":193,"loc":{"start":{"line":193,"column":4},"end":{"line":193,"column":65}}},"15":{"name":"allowance","line":203,"loc":{"start":{"line":203,"column":4},"end":{"line":203,"column":82}}},"16":{"name":"transfer","line":212,"loc":{"start":{"line":212,"column":4},"end":{"line":212,"column":68}}},"17":{"name":"approve","line":225,"loc":{"start":{"line":225,"column":4},"end":{"line":225,"column":72}}},"18":{"name":"transferFrom","line":241,"loc":{"start":{"line":241,"column":4},"end":{"line":241,"column":86}}},"19":{"name":"increaseAllowance","line":258,"loc":{"start":{"line":258,"column":4},"end":{"line":258,"column":87}}},"20":{"name":"decreaseAllowance","line":276,"loc":{"start":{"line":276,"column":4},"end":{"line":276,"column":92}}},"21":{"name":"_transfer","line":290,"loc":{"start":{"line":290,"column":4},"end":{"line":290,"column":70}}},"22":{"name":"_mint","line":305,"loc":{"start":{"line":305,"column":4},"end":{"line":305,"column":57}}},"23":{"name":"_burn","line":319,"loc":{"start":{"line":319,"column":4},"end":{"line":319,"column":57}}},"24":{"name":"_burnFrom","line":336,"loc":{"start":{"line":336,"column":4},"end":{"line":336,"column":61}}},"25":{"name":null,"line":355,"loc":{"start":{"line":355,"column":4},"end":{"line":355,"column":65}}},"26":{"name":"name","line":364,"loc":{"start":{"line":364,"column":4},"end":{"line":364,"column":46}}},"27":{"name":"symbol","line":371,"loc":{"start":{"line":371,"column":4},"end":{"line":371,"column":48}}},"28":{"name":"decimals","line":378,"loc":{"start":{"line":378,"column":4},"end":{"line":378,"column":49}}},"29":{"name":"ecrecover","line":382,"loc":{"start":{"line":382,"column":4},"end":{"line":382,"column":35}}},"30":{"name":"add","line":399,"loc":{"start":{"line":399,"column":4},"end":{"line":399,"column":59}}},"31":{"name":"remove","line":409,"loc":{"start":{"line":409,"column":4},"end":{"line":409,"column":62}}},"32":{"name":"has","line":420,"loc":{"start":{"line":420,"column":4},"end":{"line":420,"column":79}}},"33":{"name":null,"line":435,"loc":{"start":{"line":435,"column":4},"end":{"line":435,"column":25}}},"34":{"name":"onlyPauser","line":439,"loc":{"start":{"line":439,"column":4},"end":{"line":439,"column":23}}},"35":{"name":"isPauser","line":444,"loc":{"start":{"line":444,"column":4},"end":{"line":444,"column":63}}},"36":{"name":"addPauser","line":448,"loc":{"start":{"line":448,"column":4},"end":{"line":448,"column":55}}},"37":{"name":"renouncePauser","line":452,"loc":{"start":{"line":452,"column":4},"end":{"line":452,"column":34}}},"38":{"name":"_addPauser","line":456,"loc":{"start":{"line":456,"column":4},"end":{"line":456,"column":47}}},"39":{"name":"_removePauser","line":461,"loc":{"start":{"line":461,"column":4},"end":{"line":461,"column":50}}},"40":{"name":null,"line":478,"loc":{"start":{"line":478,"column":4},"end":{"line":478,"column":25}}},"41":{"name":"paused","line":485,"loc":{"start":{"line":485,"column":4},"end":{"line":485,"column":46}}},"42":{"name":"whenNotPaused","line":492,"loc":{"start":{"line":492,"column":4},"end":{"line":492,"column":26}}},"43":{"name":"whenPaused","line":500,"loc":{"start":{"line":500,"column":4},"end":{"line":500,"column":23}}},"44":{"name":"pause","line":508,"loc":{"start":{"line":508,"column":4},"end":{"line":508,"column":50}}},"45":{"name":"unpause","line":516,"loc":{"start":{"line":516,"column":4},"end":{"line":516,"column":49}}},"46":{"name":null,"line":533,"loc":{"start":{"line":533,"column":4},"end":{"line":533,"column":25}}},"47":{"name":"nonReentrant","line":546,"loc":{"start":{"line":546,"column":4},"end":{"line":546,"column":25}}},"48":{"name":"safeTransfer","line":563,"loc":{"start":{"line":563,"column":4},"end":{"line":563,"column":73}}},"49":{"name":"safeTransferFrom","line":567,"loc":{"start":{"line":567,"column":4},"end":{"line":567,"column":91}}},"50":{"name":"safeApprove","line":571,"loc":{"start":{"line":571,"column":4},"end":{"line":571,"column":77}}},"51":{"name":"safeIncreaseAllowance","line":579,"loc":{"start":{"line":579,"column":4},"end":{"line":579,"column":87}}},"52":{"name":"safeDecreaseAllowance","line":584,"loc":{"start":{"line":584,"column":4},"end":{"line":584,"column":87}}},"53":{"name":null,"line":639,"loc":{"start":{"line":639,"column":4},"end":{"line":639,"column":67}}},"54":{"name":null,"line":659,"loc":{"start":{"line":659,"column":4},"end":{"line":659,"column":30}}},"55":{"name":"token","line":666,"loc":{"start":{"line":666,"column":4},"end":{"line":666,"column":47}}},"56":{"name":"wallet","line":673,"loc":{"start":{"line":673,"column":4},"end":{"line":673,"column":49}}},"57":{"name":"rate","line":680,"loc":{"start":{"line":680,"column":4},"end":{"line":680,"column":47}}},"58":{"name":"weiRaised","line":687,"loc":{"start":{"line":687,"column":4},"end":{"line":687,"column":52}}},"59":{"name":"buyTokens","line":697,"loc":{"start":{"line":697,"column":4},"end":{"line":697,"column":69}}},"60":{"name":"_preValidatePurchase","line":728,"loc":{"start":{"line":728,"column":4},"end":{"line":728,"column":85}}},"61":{"name":"_postValidatePurchase","line":738,"loc":{"start":{"line":738,"column":4},"end":{"line":738,"column":86}}},"62":{"name":"_deliverTokens","line":747,"loc":{"start":{"line":747,"column":4},"end":{"line":747,"column":76}}},"63":{"name":"_processPurchase","line":756,"loc":{"start":{"line":756,"column":4},"end":{"line":756,"column":78}}},"64":{"name":"_updatePurchasingState","line":765,"loc":{"start":{"line":765,"column":4},"end":{"line":765,"column":82}}},"65":{"name":"_getTokenAmount","line":774,"loc":{"start":{"line":774,"column":4},"end":{"line":774,"column":77}}},"66":{"name":"_forwardFunds","line":781,"loc":{"start":{"line":781,"column":4},"end":{"line":781,"column":35}}},"67":{"name":"batchTransfer","line":787,"loc":{"start":{"line":787,"column":4},"end":{"line":787,"column":98}}},"68":{"name":null,"line":805,"loc":{"start":{"line":805,"column":4},"end":{"line":805,"column":63}}},"69":{"name":null,"line":812,"loc":{"start":{"line":812,"column":4},"end":{"line":812,"column":83}}}},"statementMap":{"1":{"start":{"line":15,"column":8},"end":{"line":15,"column":514}},"2":{"start":{"line":16,"column":12},"end":{"line":16,"column":20}},"3":{"start":{"line":19,"column":8},"end":{"line":19,"column":24}},"4":{"start":{"line":20,"column":8},"end":{"line":20,"column":26}},"5":{"start":{"line":22,"column":8},"end":{"line":22,"column":16}},"6":{"start":{"line":30,"column":8},"end":{"line":30,"column":21}},"7":{"start":{"line":31,"column":8},"end":{"line":31,"column":24}},"8":{"start":{"line":34,"column":8},"end":{"line":34,"column":16}},"9":{"start":{"line":41,"column":8},"end":{"line":41,"column":22}},"10":{"start":{"line":42,"column":8},"end":{"line":42,"column":24}},"11":{"start":{"line":44,"column":8},"end":{"line":44,"column":16}},"12":{"start":{"line":51,"column":8},"end":{"line":51,"column":24}},"13":{"start":{"line":52,"column":8},"end":{"line":52,"column":22}},"14":{"start":{"line":54,"column":8},"end":{"line":54,"column":16}},"15":{"start":{"line":62,"column":8},"end":{"line":62,"column":22}},"16":{"start":{"line":63,"column":8},"end":{"line":63,"column":20}},"17":{"start":{"line":83,"column":8},"end":{"line":83,"column":26}},"18":{"start":{"line":84,"column":8},"end":{"line":84,"column":53}},"19":{"start":{"line":91,"column":8},"end":{"line":91,"column":21}},"20":{"start":{"line":98,"column":8},"end":{"line":98,"column":25}},"21":{"start":{"line":106,"column":8},"end":{"line":106,"column":35}},"22":{"start":{"line":116,"column":8},"end":{"line":116,"column":53}},"23":{"start":{"line":117,"column":8},"end":{"line":117,"column":26}},"24":{"start":{"line":125,"column":8},"end":{"line":125,"column":35}},"25":{"start":{"line":133,"column":8},"end":{"line":133,"column":38}},"26":{"start":{"line":134,"column":8},"end":{"line":134,"column":51}},"27":{"start":{"line":135,"column":8},"end":{"line":135,"column":24}},"28":{"start":{"line":185,"column":8},"end":{"line":185,"column":27}},"29":{"start":{"line":194,"column":8},"end":{"line":194,"column":31}},"30":{"start":{"line":204,"column":8},"end":{"line":204,"column":39}},"31":{"start":{"line":213,"column":8},"end":{"line":213,"column":39}},"32":{"start":{"line":226,"column":8},"end":{"line":226,"column":37}},"33":{"start":{"line":228,"column":8},"end":{"line":228,"column":44}},"34":{"start":{"line":229,"column":8},"end":{"line":229,"column":49}},"35":{"start":{"line":230,"column":8},"end":{"line":230,"column":19}},"36":{"start":{"line":242,"column":8},"end":{"line":242,"column":73}},"37":{"start":{"line":243,"column":8},"end":{"line":243,"column":33}},"38":{"start":{"line":244,"column":8},"end":{"line":244,"column":67}},"39":{"start":{"line":245,"column":8},"end":{"line":245,"column":19}},"40":{"start":{"line":259,"column":8},"end":{"line":259,"column":37}},"41":{"start":{"line":261,"column":8},"end":{"line":261,"column":84}},"42":{"start":{"line":262,"column":8},"end":{"line":262,"column":73}},"43":{"start":{"line":263,"column":8},"end":{"line":263,"column":19}},"44":{"start":{"line":277,"column":8},"end":{"line":277,"column":37}},"45":{"start":{"line":279,"column":8},"end":{"line":279,"column":89}},"46":{"start":{"line":280,"column":8},"end":{"line":280,"column":73}},"47":{"start":{"line":281,"column":8},"end":{"line":281,"column":19}},"48":{"start":{"line":291,"column":8},"end":{"line":291,"column":32}},"49":{"start":{"line":293,"column":8},"end":{"line":293,"column":51}},"50":{"start":{"line":294,"column":8},"end":{"line":294,"column":47}},"51":{"start":{"line":295,"column":8},"end":{"line":295,"column":38}},"52":{"start":{"line":306,"column":8},"end":{"line":306,"column":37}},"53":{"start":{"line":308,"column":8},"end":{"line":308,"column":45}},"54":{"start":{"line":309,"column":8},"end":{"line":309,"column":57}},"55":{"start":{"line":310,"column":8},"end":{"line":310,"column":49}},"56":{"start":{"line":320,"column":8},"end":{"line":320,"column":39}},"57":{"start":{"line":321,"column":8},"end":{"line":321,"column":37}},"58":{"start":{"line":323,"column":8},"end":{"line":323,"column":45}},"59":{"start":{"line":324,"column":8},"end":{"line":324,"column":57}},"60":{"start":{"line":325,"column":8},"end":{"line":325,"column":49}},"61":{"start":{"line":337,"column":8},"end":{"line":337,"column":79}},"62":{"start":{"line":338,"column":8},"end":{"line":338,"column":28}},"63":{"start":{"line":339,"column":8},"end":{"line":339,"column":73}},"64":{"start":{"line":356,"column":8},"end":{"line":356,"column":19}},"65":{"start":{"line":357,"column":8},"end":{"line":357,"column":23}},"66":{"start":{"line":358,"column":8},"end":{"line":358,"column":27}},"67":{"start":{"line":365,"column":8},"end":{"line":365,"column":20}},"68":{"start":{"line":372,"column":8},"end":{"line":372,"column":22}},"69":{"start":{"line":379,"column":8},"end":{"line":379,"column":24}},"70":{"start":{"line":400,"column":8},"end":{"line":400,"column":37}},"71":{"start":{"line":401,"column":8},"end":{"line":401,"column":35}},"72":{"start":{"line":403,"column":8},"end":{"line":403,"column":34}},"73":{"start":{"line":410,"column":8},"end":{"line":410,"column":37}},"74":{"start":{"line":411,"column":8},"end":{"line":411,"column":34}},"75":{"start":{"line":413,"column":8},"end":{"line":413,"column":35}},"76":{"start":{"line":421,"column":8},"end":{"line":421,"column":37}},"77":{"start":{"line":422,"column":8},"end":{"line":422,"column":35}},"78":{"start":{"line":436,"column":8},"end":{"line":436,"column":29}},"79":{"start":{"line":440,"column":8},"end":{"line":440,"column":36}},"80":{"start":{"line":445,"column":8},"end":{"line":445,"column":36}},"81":{"start":{"line":449,"column":8},"end":{"line":449,"column":26}},"82":{"start":{"line":453,"column":8},"end":{"line":453,"column":32}},"83":{"start":{"line":458,"column":8},"end":{"line":458,"column":33}},"84":{"start":{"line":463,"column":8},"end":{"line":463,"column":35}},"85":{"start":{"line":479,"column":8},"end":{"line":479,"column":22}},"86":{"start":{"line":486,"column":8},"end":{"line":486,"column":22}},"87":{"start":{"line":493,"column":8},"end":{"line":493,"column":24}},"88":{"start":{"line":501,"column":8},"end":{"line":501,"column":23}},"89":{"start":{"line":509,"column":8},"end":{"line":509,"column":21}},"90":{"start":{"line":510,"column":8},"end":{"line":510,"column":31}},"91":{"start":{"line":517,"column":8},"end":{"line":517,"column":22}},"92":{"start":{"line":518,"column":8},"end":{"line":518,"column":33}},"93":{"start":{"line":536,"column":8},"end":{"line":536,"column":24}},"94":{"start":{"line":547,"column":8},"end":{"line":547,"column":25}},"95":{"start":{"line":548,"column":8},"end":{"line":548,"column":43}},"96":{"start":{"line":550,"column":8},"end":{"line":550,"column":45}},"97":{"start":{"line":564,"column":8},"end":{"line":564,"column":41}},"98":{"start":{"line":568,"column":8},"end":{"line":568,"column":51}},"99":{"start":{"line":575,"column":8},"end":{"line":575,"column":75}},"100":{"start":{"line":576,"column":8},"end":{"line":576,"column":45}},"101":{"start":{"line":580,"column":8},"end":{"line":580,"column":80}},"102":{"start":{"line":581,"column":8},"end":{"line":581,"column":52}},"103":{"start":{"line":585,"column":8},"end":{"line":585,"column":80}},"104":{"start":{"line":586,"column":8},"end":{"line":586,"column":52}},"105":{"start":{"line":640,"column":8},"end":{"line":640,"column":24}},"106":{"start":{"line":641,"column":8},"end":{"line":641,"column":36}},"107":{"start":{"line":642,"column":8},"end":{"line":642,"column":35}},"108":{"start":{"line":644,"column":8},"end":{"line":644,"column":19}},"109":{"start":{"line":645,"column":8},"end":{"line":645,"column":23}},"110":{"start":{"line":646,"column":8},"end":{"line":646,"column":21}},"111":{"start":{"line":660,"column":8},"end":{"line":660,"column":28}},"112":{"start":{"line":667,"column":8},"end":{"line":667,"column":21}},"113":{"start":{"line":674,"column":8},"end":{"line":674,"column":22}},"114":{"start":{"line":681,"column":8},"end":{"line":681,"column":20}},"115":{"start":{"line":688,"column":8},"end":{"line":688,"column":25}},"116":{"start":{"line":698,"column":8},"end":{"line":698,"column":36}},"117":{"start":{"line":699,"column":8},"end":{"line":699,"column":51}},"118":{"start":{"line":702,"column":8},"end":{"line":702,"column":50}},"119":{"start":{"line":705,"column":8},"end":{"line":705,"column":45}},"120":{"start":{"line":707,"column":8},"end":{"line":707,"column":44}},"121":{"start":{"line":708,"column":8},"end":{"line":708,"column":72}},"122":{"start":{"line":710,"column":8},"end":{"line":710,"column":53}},"123":{"start":{"line":712,"column":8},"end":{"line":712,"column":22}},"124":{"start":{"line":713,"column":8},"end":{"line":713,"column":52}},"125":{"start":{"line":729,"column":8},"end":{"line":729,"column":41}},"126":{"start":{"line":730,"column":8},"end":{"line":730,"column":30}},"127":{"start":{"line":757,"column":8},"end":{"line":757,"column":47}},"128":{"start":{"line":775,"column":8},"end":{"line":775,"column":35}},"129":{"start":{"line":788,"column":8},"end":{"line":788,"column":35}},"130":{"start":{"line":789,"column":8},"end":{"line":789,"column":45}},"131":{"start":{"line":790,"column":8},"end":{"line":790,"column":36}},"132":{"start":{"line":791,"column":8},"end":{"line":791,"column":61}},"133":{"start":{"line":793,"column":8},"end":{"line":793,"column":64}},"134":{"start":{"line":794,"column":8},"end":{"line":794,"column":26474}},"135":{"start":{"line":795,"column":12},"end":{"line":795,"column":74}},"136":{"start":{"line":796,"column":12},"end":{"line":796,"column":54}},"137":{"start":{"line":798,"column":8},"end":{"line":798,"column":19}},"138":{"start":{"line":806,"column":8},"end":{"line":806,"column":40}}},"branchMap":{"1":{"line":15,"type":"if","locations":[{"start":{"line":15,"column":8},"end":{"line":15,"column":8}},{"start":{"line":15,"column":8},"end":{"line":15,"column":8}}]},"2":{"line":20,"type":"if","locations":[{"start":{"line":20,"column":8},"end":{"line":20,"column":8}},{"start":{"line":20,"column":8},"end":{"line":20,"column":8}}]},"3":{"line":30,"type":"if","locations":[{"start":{"line":30,"column":8},"end":{"line":30,"column":8}},{"start":{"line":30,"column":8},"end":{"line":30,"column":8}}]},"4":{"line":41,"type":"if","locations":[{"start":{"line":41,"column":8},"end":{"line":41,"column":8}},{"start":{"line":41,"column":8},"end":{"line":41,"column":8}}]},"5":{"line":52,"type":"if","locations":[{"start":{"line":52,"column":8},"end":{"line":52,"column":8}},{"start":{"line":52,"column":8},"end":{"line":52,"column":8}}]},"6":{"line":62,"type":"if","locations":[{"start":{"line":62,"column":8},"end":{"line":62,"column":8}},{"start":{"line":62,"column":8},"end":{"line":62,"column":8}}]},"7":{"line":98,"type":"if","locations":[{"start":{"line":98,"column":8},"end":{"line":98,"column":8}},{"start":{"line":98,"column":8},"end":{"line":98,"column":8}}]},"8":{"line":133,"type":"if","locations":[{"start":{"line":133,"column":8},"end":{"line":133,"column":8}},{"start":{"line":133,"column":8},"end":{"line":133,"column":8}}]},"9":{"line":226,"type":"if","locations":[{"start":{"line":226,"column":8},"end":{"line":226,"column":8}},{"start":{"line":226,"column":8},"end":{"line":226,"column":8}}]},"10":{"line":259,"type":"if","locations":[{"start":{"line":259,"column":8},"end":{"line":259,"column":8}},{"start":{"line":259,"column":8},"end":{"line":259,"column":8}}]},"11":{"line":277,"type":"if","locations":[{"start":{"line":277,"column":8},"end":{"line":277,"column":8}},{"start":{"line":277,"column":8},"end":{"line":277,"column":8}}]},"12":{"line":291,"type":"if","locations":[{"start":{"line":291,"column":8},"end":{"line":291,"column":8}},{"start":{"line":291,"column":8},"end":{"line":291,"column":8}}]},"13":{"line":306,"type":"if","locations":[{"start":{"line":306,"column":8},"end":{"line":306,"column":8}},{"start":{"line":306,"column":8},"end":{"line":306,"column":8}}]},"14":{"line":320,"type":"if","locations":[{"start":{"line":320,"column":8},"end":{"line":320,"column":8}},{"start":{"line":320,"column":8},"end":{"line":320,"column":8}}]},"15":{"line":321,"type":"if","locations":[{"start":{"line":321,"column":8},"end":{"line":321,"column":8}},{"start":{"line":321,"column":8},"end":{"line":321,"column":8}}]},"16":{"line":400,"type":"if","locations":[{"start":{"line":400,"column":8},"end":{"line":400,"column":8}},{"start":{"line":400,"column":8},"end":{"line":400,"column":8}}]},"17":{"line":401,"type":"if","locations":[{"start":{"line":401,"column":8},"end":{"line":401,"column":8}},{"start":{"line":401,"column":8},"end":{"line":401,"column":8}}]},"18":{"line":410,"type":"if","locations":[{"start":{"line":410,"column":8},"end":{"line":410,"column":8}},{"start":{"line":410,"column":8},"end":{"line":410,"column":8}}]},"19":{"line":411,"type":"if","locations":[{"start":{"line":411,"column":8},"end":{"line":411,"column":8}},{"start":{"line":411,"column":8},"end":{"line":411,"column":8}}]},"20":{"line":421,"type":"if","locations":[{"start":{"line":421,"column":8},"end":{"line":421,"column":8}},{"start":{"line":421,"column":8},"end":{"line":421,"column":8}}]},"21":{"line":440,"type":"if","locations":[{"start":{"line":440,"column":8},"end":{"line":440,"column":8}},{"start":{"line":440,"column":8},"end":{"line":440,"column":8}}]},"22":{"line":493,"type":"if","locations":[{"start":{"line":493,"column":8},"end":{"line":493,"column":8}},{"start":{"line":493,"column":8},"end":{"line":493,"column":8}}]},"23":{"line":501,"type":"if","locations":[{"start":{"line":501,"column":8},"end":{"line":501,"column":8}},{"start":{"line":501,"column":8},"end":{"line":501,"column":8}}]},"24":{"line":550,"type":"if","locations":[{"start":{"line":550,"column":8},"end":{"line":550,"column":8}},{"start":{"line":550,"column":8},"end":{"line":550,"column":8}}]},"25":{"line":564,"type":"if","locations":[{"start":{"line":564,"column":8},"end":{"line":564,"column":8}},{"start":{"line":564,"column":8},"end":{"line":564,"column":8}}]},"26":{"line":568,"type":"if","locations":[{"start":{"line":568,"column":8},"end":{"line":568,"column":8}},{"start":{"line":568,"column":8},"end":{"line":568,"column":8}}]},"27":{"line":575,"type":"if","locations":[{"start":{"line":575,"column":8},"end":{"line":575,"column":8}},{"start":{"line":575,"column":8},"end":{"line":575,"column":8}}]},"28":{"line":576,"type":"if","locations":[{"start":{"line":576,"column":8},"end":{"line":576,"column":8}},{"start":{"line":576,"column":8},"end":{"line":576,"column":8}}]},"29":{"line":581,"type":"if","locations":[{"start":{"line":581,"column":8},"end":{"line":581,"column":8}},{"start":{"line":581,"column":8},"end":{"line":581,"column":8}}]},"30":{"line":586,"type":"if","locations":[{"start":{"line":586,"column":8},"end":{"line":586,"column":8}},{"start":{"line":586,"column":8},"end":{"line":586,"column":8}}]},"31":{"line":640,"type":"if","locations":[{"start":{"line":640,"column":8},"end":{"line":640,"column":8}},{"start":{"line":640,"column":8},"end":{"line":640,"column":8}}]},"32":{"line":641,"type":"if","locations":[{"start":{"line":641,"column":8},"end":{"line":641,"column":8}},{"start":{"line":641,"column":8},"end":{"line":641,"column":8}}]},"33":{"line":642,"type":"if","locations":[{"start":{"line":642,"column":8},"end":{"line":642,"column":8}},{"start":{"line":642,"column":8},"end":{"line":642,"column":8}}]},"34":{"line":729,"type":"if","locations":[{"start":{"line":729,"column":8},"end":{"line":729,"column":8}},{"start":{"line":729,"column":8},"end":{"line":729,"column":8}}]},"35":{"line":730,"type":"if","locations":[{"start":{"line":730,"column":8},"end":{"line":730,"column":8}},{"start":{"line":730,"column":8},"end":{"line":730,"column":8}}]},"36":{"line":790,"type":"if","locations":[{"start":{"line":790,"column":8},"end":{"line":790,"column":8}},{"start":{"line":790,"column":8},"end":{"line":790,"column":8}}]},"37":{"line":791,"type":"if","locations":[{"start":{"line":791,"column":8},"end":{"line":791,"column":8}},{"start":{"line":791,"column":8},"end":{"line":791,"column":8}}]}}}}